{"name": "test_IntializeBrowser[chrome]", "status": "broken", "statusDetails": {"message": "selenium.common.exceptions.NoSuchDriverException: Message: Unable to obtain D:\\chromedriver_win32\\chromedriver.exe using Selenium Manager; Message: Unsuccessful command executed: C:\\Users\\pappula.l\\AppData\\Roaming\\Python\\Python310\\site-packages\\selenium\\webdriver\\common\\windows\\selenium-manager.exe --browser chrome --output json.\nThe chromedriver version cannot be discovered\n; For documentation on this error, please visit: https://www.selenium.dev/documentation/webdriver/troubleshooting/errors/driver_location", "trace": "service = <selenium.webdriver.chrome.service.Service object at 0x000001C7B916C0D0>\noptions = <selenium.webdriver.chrome.options.Options object at 0x000001C7B916C250>\n\n    @staticmethod\n    def get_path(service: Service, options: BaseOptions) -> str:\n        path = shutil.which(service.path)\n        try:\n>           path = SeleniumManager().driver_location(options) if path is None else path\n\nC:\\Users\\pappula.l\\AppData\\Roaming\\Python\\Python310\\site-packages\\selenium\\webdriver\\common\\driver_finder.py:42: \n_ _ _ _ _ _ _ _ _ _ _ _ _ _ _ _ _ _ _ _ _ _ _ _ _ _ _ _ _ _ _ _ _ _ _ _ _ _ _ _ _ _ _ _ _ _ _ _ _ _ _ _ _ _ _ _ _ _ _ _ _\n\nself = <selenium.webdriver.common.selenium_manager.SeleniumManager object at 0x000001C7B916C280>\noptions = <selenium.webdriver.chrome.options.Options object at 0x000001C7B916C250>\n\n    def driver_location(self, options: BaseOptions) -> str:\n        \"\"\"\n        Determines the path of the correct driver.\n        :Args:\n         - browser: which browser to get the driver path for.\n        :Returns: The driver path to use\n        \"\"\"\n    \n        logger.debug(\"Applicable driver not found; attempting to install with Selenium Manager (Beta)\")\n    \n        browser = options.capabilities[\"browserName\"]\n    \n        args = [str(self.get_binary()), \"--browser\", browser, \"--output\", \"json\"]\n    \n        if options.browser_version:\n            args.append(\"--browser-version\")\n            args.append(str(options.browser_version))\n    \n        binary_location = getattr(options, \"binary_location\", None)\n        if binary_location:\n            args.append(\"--browser-path\")\n            args.append(str(binary_location))\n    \n        proxy = options.proxy\n        if proxy and (proxy.http_proxy or proxy.ssl_proxy):\n            args.append(\"--proxy\")\n            value = proxy.ssl_proxy if proxy.sslProxy else proxy.http_proxy\n            args.append(value)\n    \n        if logger.getEffectiveLevel() == logging.DEBUG:\n            args.append(\"--debug\")\n    \n>       result = self.run(args)\n\nC:\\Users\\pappula.l\\AppData\\Roaming\\Python\\Python310\\site-packages\\selenium\\webdriver\\common\\selenium_manager.py:96: \n_ _ _ _ _ _ _ _ _ _ _ _ _ _ _ _ _ _ _ _ _ _ _ _ _ _ _ _ _ _ _ _ _ _ _ _ _ _ _ _ _ _ _ _ _ _ _ _ _ _ _ _ _ _ _ _ _ _ _ _ _\n\nargs = ['C:\\\\Users\\\\pappula.l\\\\AppData\\\\Roaming\\\\Python\\\\Python310\\\\site-packages\\\\selenium\\\\webdriver\\\\common\\\\windows\\\\selenium-manager.exe', '--browser', 'chrome', '--output', 'json']\n\n    @staticmethod\n    def run(args: List[str]) -> str:\n        \"\"\"\n        Executes the Selenium Manager Binary.\n        :Args:\n         - args: the components of the command being executed.\n        :Returns: The log string containing the driver location.\n        \"\"\"\n        command = \" \".join(args)\n        logger.debug(f\"Executing process: {command}\")\n        try:\n            completed_proc = subprocess.run(args, stdout=subprocess.PIPE, stderr=subprocess.PIPE)\n            stdout = completed_proc.stdout.decode(\"utf-8\").rstrip(\"\\n\")\n            stderr = completed_proc.stderr.decode(\"utf-8\").rstrip(\"\\n\")\n            output = json.loads(stdout)\n            result = output[\"result\"][\"message\"]\n        except Exception as err:\n            raise WebDriverException(f\"Unsuccessful command executed: {command}; {err}\")\n    \n        if completed_proc.returncode:\n>           raise WebDriverException(f\"Unsuccessful command executed: {command}.\\n{result}{stderr}\")\nE           selenium.common.exceptions.WebDriverException: Message: Unsuccessful command executed: C:\\Users\\pappula.l\\AppData\\Roaming\\Python\\Python310\\site-packages\\selenium\\webdriver\\common\\windows\\selenium-manager.exe --browser chrome --output json.\nE           The chromedriver version cannot be discovered\n\nC:\\Users\\pappula.l\\AppData\\Roaming\\Python\\Python310\\site-packages\\selenium\\webdriver\\common\\selenium_manager.py:121: WebDriverException\n\nDuring handling of the above exception, another exception occurred:\n\nrequest = <SubRequest 'init_driver' for <Function test_IntializeBrowser[chrome]>>\n\n    @pytest.fixture(params=[\"chrome\"], scope=\"class\") # scope = class,\n    # because we want the conftest to run only once for each class, not for each method\n    def init_driver(request):\n        from selenium import webdriver\n        from selenium.webdriver.chrome.service import Service\n        from tests.config import TestData\n        if request.param == \"chrome\":\n            service_obj = Service(TestData.chromePath)\n>           web_driver = webdriver.Chrome(service=service_obj)\n\ntests\\conftest.py:15: \n_ _ _ _ _ _ _ _ _ _ _ _ _ _ _ _ _ _ _ _ _ _ _ _ _ _ _ _ _ _ _ _ _ _ _ _ _ _ _ _ _ _ _ _ _ _ _ _ _ _ _ _ _ _ _ _ _ _ _ _ _\nC:\\Users\\pappula.l\\AppData\\Roaming\\Python\\Python310\\site-packages\\selenium\\webdriver\\chrome\\webdriver.py:47: in __init__\n    self.service.path = DriverFinder.get_path(self.service, self.options)\n_ _ _ _ _ _ _ _ _ _ _ _ _ _ _ _ _ _ _ _ _ _ _ _ _ _ _ _ _ _ _ _ _ _ _ _ _ _ _ _ _ _ _ _ _ _ _ _ _ _ _ _ _ _ _ _ _ _ _ _ _\n\nservice = <selenium.webdriver.chrome.service.Service object at 0x000001C7B916C0D0>\noptions = <selenium.webdriver.chrome.options.Options object at 0x000001C7B916C250>\n\n    @staticmethod\n    def get_path(service: Service, options: BaseOptions) -> str:\n        path = shutil.which(service.path)\n        try:\n            path = SeleniumManager().driver_location(options) if path is None else path\n        except Exception as err:\n>           raise NoSuchDriverException(f\"Unable to obtain {service.path} using Selenium Manager; {err}\")\nE           selenium.common.exceptions.NoSuchDriverException: Message: Unable to obtain D:\\chromedriver_win32\\chromedriver.exe using Selenium Manager; Message: Unsuccessful command executed: C:\\Users\\pappula.l\\AppData\\Roaming\\Python\\Python310\\site-packages\\selenium\\webdriver\\common\\windows\\selenium-manager.exe --browser chrome --output json.\nE           The chromedriver version cannot be discovered\nE           ; For documentation on this error, please visit: https://www.selenium.dev/documentation/webdriver/troubleshooting/errors/driver_location\n\nC:\\Users\\pappula.l\\AppData\\Roaming\\Python\\Python310\\site-packages\\selenium\\webdriver\\common\\driver_finder.py:44: NoSuchDriverException"}, "parameters": [{"name": "init_driver", "value": "'chrome'"}], "start": 1709057084948, "stop": 1709057084948, "uuid": "3214b886-72ce-40fe-b8d4-1073f1335591", "historyId": "f1ad105b42054e6e73b715eb34111c79", "testCaseId": "58412193dea22b87e758c1e94482070f", "fullName": "tests.test_sample1.Test_OpenPage#test_IntializeBrowser", "labels": [{"name": "tag", "value": "@pytest.mark.usefixtures('init_driver')"}, {"name": "parentSuite", "value": "tests"}, {"name": "suite", "value": "test_sample1"}, {"name": "subSuite", "value": "Test_OpenPage"}, {"name": "host", "value": "BLRKEC518139L"}, {"name": "thread", "value": "22512-MainThread"}, {"name": "framework", "value": "pytest"}, {"name": "language", "value": "cpython3"}, {"name": "package", "value": "tests.test_sample1"}]}