{"name": "test_IntializeBrowser[chrome]", "status": "broken", "statusDetails": {"message": "selenium.common.exceptions.SessionNotCreatedException: Message: session not created: This version of ChromeDriver only supports Chrome version 114\nCurrent browser version is 122.0.6261.70 with binary path C:\\Users\\pappula.l\\AppData\\Local\\Google\\Chrome\\Application\\chrome.exe\nStacktrace:\nBacktrace:\n\tGetHandleVerifier [0x00EDA813+48355]\n\t(No symbol) [0x00E6C4B1]\n\t(No symbol) [0x00D75358]\n\t(No symbol) [0x00D961AC]\n\t(No symbol) [0x00D91EF3]\n\t(No symbol) [0x00D90579]\n\t(No symbol) [0x00DC0C55]\n\t(No symbol) [0x00DC093C]\n\t(No symbol) [0x00DBA536]\n\t(No symbol) [0x00D982DC]\n\t(No symbol) [0x00D993DD]\n\tGetHandleVerifier [0x0113AABD+2539405]\n\tGetHandleVerifier [0x0117A78F+2800735]\n\tGetHandleVerifier [0x0117456C+2775612]\n\tGetHandleVerifier [0x00F651E0+616112]\n\t(No symbol) [0x00E75F8C]\n\t(No symbol) [0x00E72328]\n\t(No symbol) [0x00E7240B]\n\t(No symbol) [0x00E64FF7]\n\tBaseThreadInitThunk [0x761C6839+25]\n\tRtlGetFullPathName_UEx [0x774B901F+1215]\n\tRtlGetFullPathName_UEx [0x774B8FED+1165]", "trace": "request = <SubRequest 'init_driver' for <Function test_IntializeBrowser[chrome]>>\n\n    @pytest.fixture(params=[\"chrome\"], scope=\"class\") # scope = class,\n    # because we want the conftest to run only once for each class, not for each method\n    def init_driver(request):\n        from selenium import webdriver\n        from selenium.webdriver.chrome.service import Service\n        from tests.config import TestData\n        if request.param == \"chrome\":\n            service_obj = Service(TestData.chromePath)\n>           web_driver = webdriver.Chrome(service=service_obj)\n\ntests\\conftest.py:15: \n_ _ _ _ _ _ _ _ _ _ _ _ _ _ _ _ _ _ _ _ _ _ _ _ _ _ _ _ _ _ _ _ _ _ _ _ _ _ _ _ _ _ _ _ _ _ _ _ _ _ _ _ _ _ _ _ _ _ _ _ _\nC:\\Users\\pappula.l\\AppData\\Roaming\\Python\\Python310\\site-packages\\selenium\\webdriver\\chrome\\webdriver.py:49: in __init__\n    super().__init__(\nC:\\Users\\pappula.l\\AppData\\Roaming\\Python\\Python310\\site-packages\\selenium\\webdriver\\chromium\\webdriver.py:54: in __init__\n    super().__init__(\nC:\\Users\\pappula.l\\AppData\\Roaming\\Python\\Python310\\site-packages\\selenium\\webdriver\\remote\\webdriver.py:206: in __init__\n    self.start_session(capabilities)\nC:\\Users\\pappula.l\\AppData\\Roaming\\Python\\Python310\\site-packages\\selenium\\webdriver\\remote\\webdriver.py:291: in start_session\n    response = self.execute(Command.NEW_SESSION, caps)[\"value\"]\nC:\\Users\\pappula.l\\AppData\\Roaming\\Python\\Python310\\site-packages\\selenium\\webdriver\\remote\\webdriver.py:346: in execute\n    self.error_handler.check_response(response)\n_ _ _ _ _ _ _ _ _ _ _ _ _ _ _ _ _ _ _ _ _ _ _ _ _ _ _ _ _ _ _ _ _ _ _ _ _ _ _ _ _ _ _ _ _ _ _ _ _ _ _ _ _ _ _ _ _ _ _ _ _\n\nself = <selenium.webdriver.remote.errorhandler.ErrorHandler object at 0x0000015F8D714100>\nresponse = {'status': 500, 'value': '{\"value\":{\"error\":\"session not created\",\"message\":\"session not created: This version of Chro...unk [0x761C6839+25]\\\\n\\\\tRtlGetFullPathName_UEx [0x774B901F+1215]\\\\n\\\\tRtlGetFullPathName_UEx [0x774B8FED+1165]\\\\n\"}}'}\n\n    def check_response(self, response: Dict[str, Any]) -> None:\n        \"\"\"Checks that a JSON response from the WebDriver does not have an\n        error.\n    \n        :Args:\n         - response - The JSON response from the WebDriver server as a dictionary\n           object.\n    \n        :Raises: If the response contains an error message.\n        \"\"\"\n        status = response.get(\"status\", None)\n        if not status or status == ErrorCode.SUCCESS:\n            return\n        value = None\n        message = response.get(\"message\", \"\")\n        screen: str = response.get(\"screen\", \"\")\n        stacktrace = None\n        if isinstance(status, int):\n            value_json = response.get(\"value\", None)\n            if value_json and isinstance(value_json, str):\n                import json\n    \n                try:\n                    value = json.loads(value_json)\n                    if len(value) == 1:\n                        value = value[\"value\"]\n                    status = value.get(\"error\", None)\n                    if not status:\n                        status = value.get(\"status\", ErrorCode.UNKNOWN_ERROR)\n                        message = value.get(\"value\") or value.get(\"message\")\n                        if not isinstance(message, str):\n                            value = message\n                            message = message.get(\"message\")\n                    else:\n                        message = value.get(\"message\", None)\n                except ValueError:\n                    pass\n    \n        exception_class: Type[WebDriverException]\n        if status in ErrorCode.NO_SUCH_ELEMENT:\n            exception_class = NoSuchElementException\n        elif status in ErrorCode.NO_SUCH_FRAME:\n            exception_class = NoSuchFrameException\n        elif status in ErrorCode.NO_SUCH_SHADOW_ROOT:\n            exception_class = NoSuchShadowRootException\n        elif status in ErrorCode.NO_SUCH_WINDOW:\n            exception_class = NoSuchWindowException\n        elif status in ErrorCode.STALE_ELEMENT_REFERENCE:\n            exception_class = StaleElementReferenceException\n        elif status in ErrorCode.ELEMENT_NOT_VISIBLE:\n            exception_class = ElementNotVisibleException\n        elif status in ErrorCode.INVALID_ELEMENT_STATE:\n            exception_class = InvalidElementStateException\n        elif (\n            status in ErrorCode.INVALID_SELECTOR\n            or status in ErrorCode.INVALID_XPATH_SELECTOR\n            or status in ErrorCode.INVALID_XPATH_SELECTOR_RETURN_TYPER\n        ):\n            exception_class = InvalidSelectorException\n        elif status in ErrorCode.ELEMENT_IS_NOT_SELECTABLE:\n            exception_class = ElementNotSelectableException\n        elif status in ErrorCode.ELEMENT_NOT_INTERACTABLE:\n            exception_class = ElementNotInteractableException\n        elif status in ErrorCode.INVALID_COOKIE_DOMAIN:\n            exception_class = InvalidCookieDomainException\n        elif status in ErrorCode.UNABLE_TO_SET_COOKIE:\n            exception_class = UnableToSetCookieException\n        elif status in ErrorCode.TIMEOUT:\n            exception_class = TimeoutException\n        elif status in ErrorCode.SCRIPT_TIMEOUT:\n            exception_class = TimeoutException\n        elif status in ErrorCode.UNKNOWN_ERROR:\n            exception_class = WebDriverException\n        elif status in ErrorCode.UNEXPECTED_ALERT_OPEN:\n            exception_class = UnexpectedAlertPresentException\n        elif status in ErrorCode.NO_ALERT_OPEN:\n            exception_class = NoAlertPresentException\n        elif status in ErrorCode.IME_NOT_AVAILABLE:\n            exception_class = ImeNotAvailableException\n        elif status in ErrorCode.IME_ENGINE_ACTIVATION_FAILED:\n            exception_class = ImeActivationFailedException\n        elif status in ErrorCode.MOVE_TARGET_OUT_OF_BOUNDS:\n            exception_class = MoveTargetOutOfBoundsException\n        elif status in ErrorCode.JAVASCRIPT_ERROR:\n            exception_class = JavascriptException\n        elif status in ErrorCode.SESSION_NOT_CREATED:\n            exception_class = SessionNotCreatedException\n        elif status in ErrorCode.INVALID_ARGUMENT:\n            exception_class = InvalidArgumentException\n        elif status in ErrorCode.NO_SUCH_COOKIE:\n            exception_class = NoSuchCookieException\n        elif status in ErrorCode.UNABLE_TO_CAPTURE_SCREEN:\n            exception_class = ScreenshotException\n        elif status in ErrorCode.ELEMENT_CLICK_INTERCEPTED:\n            exception_class = ElementClickInterceptedException\n        elif status in ErrorCode.INSECURE_CERTIFICATE:\n            exception_class = InsecureCertificateException\n        elif status in ErrorCode.INVALID_COORDINATES:\n            exception_class = InvalidCoordinatesException\n        elif status in ErrorCode.INVALID_SESSION_ID:\n            exception_class = InvalidSessionIdException\n        elif status in ErrorCode.UNKNOWN_METHOD:\n            exception_class = UnknownMethodException\n        else:\n            exception_class = WebDriverException\n        if not value:\n            value = response[\"value\"]\n        if isinstance(value, str):\n            raise exception_class(value)\n        if message == \"\" and \"message\" in value:\n            message = value[\"message\"]\n    \n        screen = None  # type: ignore[assignment]\n        if \"screen\" in value:\n            screen = value[\"screen\"]\n    \n        stacktrace = None\n        st_value = value.get(\"stackTrace\") or value.get(\"stacktrace\")\n        if st_value:\n            if isinstance(st_value, str):\n                stacktrace = st_value.split(\"\\n\")\n            else:\n                stacktrace = []\n                try:\n                    for frame in st_value:\n                        line = frame.get(\"lineNumber\", \"\")\n                        file = frame.get(\"fileName\", \"<anonymous>\")\n                        if line:\n                            file = f\"{file}:{line}\"\n                        meth = frame.get(\"methodName\", \"<anonymous>\")\n                        if \"className\" in frame:\n                            meth = f\"{frame['className']}.{meth}\"\n                        msg = \"    at %s (%s)\"\n                        msg = msg % (meth, file)\n                        stacktrace.append(msg)\n                except TypeError:\n                    pass\n        if exception_class == UnexpectedAlertPresentException:\n            alert_text = None\n            if \"data\" in value:\n                alert_text = value[\"data\"].get(\"text\")\n            elif \"alert\" in value:\n                alert_text = value[\"alert\"].get(\"text\")\n            raise exception_class(message, screen, stacktrace, alert_text)  # type: ignore[call-arg]  # mypy is not smart enough here\n>       raise exception_class(message, screen, stacktrace)\nE       selenium.common.exceptions.SessionNotCreatedException: Message: session not created: This version of ChromeDriver only supports Chrome version 114\nE       Current browser version is 122.0.6261.70 with binary path C:\\Users\\pappula.l\\AppData\\Local\\Google\\Chrome\\Application\\chrome.exe\nE       Stacktrace:\nE       Backtrace:\nE       \tGetHandleVerifier [0x00EDA813+48355]\nE       \t(No symbol) [0x00E6C4B1]\nE       \t(No symbol) [0x00D75358]\nE       \t(No symbol) [0x00D961AC]\nE       \t(No symbol) [0x00D91EF3]\nE       \t(No symbol) [0x00D90579]\nE       \t(No symbol) [0x00DC0C55]\nE       \t(No symbol) [0x00DC093C]\nE       \t(No symbol) [0x00DBA536]\nE       \t(No symbol) [0x00D982DC]\nE       \t(No symbol) [0x00D993DD]\nE       \tGetHandleVerifier [0x0113AABD+2539405]\nE       \tGetHandleVerifier [0x0117A78F+2800735]\nE       \tGetHandleVerifier [0x0117456C+2775612]\nE       \tGetHandleVerifier [0x00F651E0+616112]\nE       \t(No symbol) [0x00E75F8C]\nE       \t(No symbol) [0x00E72328]\nE       \t(No symbol) [0x00E7240B]\nE       \t(No symbol) [0x00E64FF7]\nE       \tBaseThreadInitThunk [0x761C6839+25]\nE       \tRtlGetFullPathName_UEx [0x774B901F+1215]\nE       \tRtlGetFullPathName_UEx [0x774B8FED+1165]\n\nC:\\Users\\pappula.l\\AppData\\Roaming\\Python\\Python310\\site-packages\\selenium\\webdriver\\remote\\errorhandler.py:245: SessionNotCreatedException"}, "parameters": [{"name": "init_driver", "value": "'chrome'"}], "start": 1709057325608, "stop": 1709057325608, "uuid": "7ef23845-c7ff-4a45-acdf-cab210a56bbb", "historyId": "f1ad105b42054e6e73b715eb34111c79", "testCaseId": "58412193dea22b87e758c1e94482070f", "fullName": "tests.test_sample1.Test_OpenPage#test_IntializeBrowser", "labels": [{"name": "tag", "value": "@pytest.mark.usefixtures('init_driver')"}, {"name": "parentSuite", "value": "tests"}, {"name": "suite", "value": "test_sample1"}, {"name": "subSuite", "value": "Test_OpenPage"}, {"name": "host", "value": "BLRKEC518139L"}, {"name": "thread", "value": "27448-MainThread"}, {"name": "framework", "value": "pytest"}, {"name": "language", "value": "cpython3"}, {"name": "package", "value": "tests.test_sample1"}]}